0 info it worked if it ends with ok
1 verbose cli [ '/usr/local/bin/node',
1 verbose cli   '/usr/local/bin/npm',
1 verbose cli   'install',
1 verbose cli   'https://github.com/jaffarc/PSDCSS.git#terminal',
1 verbose cli   '-g' ]
2 info using npm@2.15.1
3 info using node@v4.4.4
4 verbose install initial load of /usr/local/lib/package.json
5 verbose readDependencies loading dependencies from /usr/local/lib/package.json
6 silly cache add args [ 'https://github.com/jaffarc/PSDCSS.git#terminal', null ]
7 verbose cache add spec https://github.com/jaffarc/PSDCSS.git#terminal
8 silly cache add parsed spec Result {
8 silly cache add   raw: 'https://github.com/jaffarc/PSDCSS.git#terminal',
8 silly cache add   scope: null,
8 silly cache add   name: null,
8 silly cache add   rawSpec: 'https://github.com/jaffarc/PSDCSS.git#terminal',
8 silly cache add   spec: 'git+https://github.com/jaffarc/PSDCSS.git#terminal',
8 silly cache add   type: 'hosted',
8 silly cache add   hosted:
8 silly cache add    { type: 'github',
8 silly cache add      ssh: 'git@github.com:jaffarc/PSDCSS.git#terminal',
8 silly cache add      sshUrl: 'git+ssh://git@github.com/jaffarc/PSDCSS.git#terminal',
8 silly cache add      httpsUrl: 'git+https://github.com/jaffarc/PSDCSS.git#terminal',
8 silly cache add      gitUrl: 'git://github.com/jaffarc/PSDCSS.git#terminal',
8 silly cache add      shortcut: 'github:jaffarc/PSDCSS#terminal',
8 silly cache add      directUrl: 'https://raw.githubusercontent.com/jaffarc/PSDCSS/terminal/package.json' } }
9 verbose addRemoteGit caching https://github.com/jaffarc/PSDCSS.git#terminal
10 verbose addRemoteGit git+https://github.com/jaffarc/PSDCSS.git#terminal is a repository hosted by github
11 silly tryClone cloning git+https://github.com/jaffarc/PSDCSS.git#terminal via git+https://github.com/jaffarc/PSDCSS.git#terminal
12 verbose tryClone https-github-com-jaffarc-PSDCSS-git-b2434c7a not in flight; caching
13 verbose correctMkdir /home/jaffar/.npm/_git-remotes correctMkdir not in flight; initializing
14 info git [ 'config', '--get', 'remote.origin.url' ]
15 silly validateExistingRemote git+https://github.com/jaffarc/PSDCSS.git#terminal remote.origin.url: https://github.com/jaffarc/PSDCSS.git
16 verbose validateExistingRemote git+https://github.com/jaffarc/PSDCSS.git#terminal is updating existing cached remote /home/jaffar/.npm/_git-remotes/https-github-com-jaffarc-PSDCSS-git-b2434c7a
17 info git [ 'fetch', '-a', 'origin' ]
18 verbose updateRemote git fetch -a origin (https://github.com/jaffarc/PSDCSS.git)
19 verbose correctMkdir /home/jaffar/.npm/_git-remotes correctMkdir not in flight; initializing
20 verbose setPermissions git+https://github.com/jaffarc/PSDCSS.git#terminal set permissions on /home/jaffar/.npm/_git-remotes/https-github-com-jaffarc-PSDCSS-git-b2434c7a
21 verbose resolveHead git+https://github.com/jaffarc/PSDCSS.git#terminal original treeish: terminal
22 info git [ 'rev-list', '-n1', 'terminal' ]
23 silly resolveHead git+https://github.com/jaffarc/PSDCSS.git#terminal resolved treeish: 0c2d543f9053a737588ecdac702b1e1ce92a3f53
24 verbose resolveHead git+https://github.com/jaffarc/PSDCSS.git#terminal resolved Git URL: git+https://github.com/jaffarc/PSDCSS.git#0c2d543f9053a737588ecdac702b1e1ce92a3f53
25 silly resolveHead Git working directory: /tmp/npm-13601-7c9e14ce/git-cache-a21bf6a8cc04/0c2d543f9053a737588ecdac702b1e1ce92a3f53
26 info git [ 'clone',
26 info git   '/home/jaffar/.npm/_git-remotes/https-github-com-jaffarc-PSDCSS-git-b2434c7a',
26 info git   '/tmp/npm-13601-7c9e14ce/git-cache-a21bf6a8cc04/0c2d543f9053a737588ecdac702b1e1ce92a3f53' ]
27 verbose cloneResolved git+https://github.com/jaffarc/PSDCSS.git#terminal clone Cloning into '/tmp/npm-13601-7c9e14ce/git-cache-a21bf6a8cc04/0c2d543f9053a737588ecdac702b1e1ce92a3f53'...
27 verbose cloneResolved done.
28 info git [ 'checkout', '0c2d543f9053a737588ecdac702b1e1ce92a3f53' ]
29 verbose checkoutTreeish git+https://github.com/jaffarc/PSDCSS.git#terminal checkout Note: checking out '0c2d543f9053a737588ecdac702b1e1ce92a3f53'.
29 verbose checkoutTreeish
29 verbose checkoutTreeish You are in 'detached HEAD' state. You can look around, make experimental
29 verbose checkoutTreeish changes and commit them, and you can discard any commits you make in this
29 verbose checkoutTreeish state without impacting any branches by performing another checkout.
29 verbose checkoutTreeish
29 verbose checkoutTreeish If you want to create a new branch to retain commits you create, you may
29 verbose checkoutTreeish do so (now or later) by using -b with the checkout command again. Example:
29 verbose checkoutTreeish
29 verbose checkoutTreeish   git checkout -b <new-branch-name>
29 verbose checkoutTreeish
29 verbose checkoutTreeish HEAD is now at 0c2d543... teste psdCss global
30 error addLocal Could not install /tmp/npm-13601-7c9e14ce/git-cache-a21bf6a8cc04/0c2d543f9053a737588ecdac702b1e1ce92a3f53
31 verbose stack Error: EISDIR: illegal operation on a directory, read
31 verbose stack     at Error (native)
32 verbose cwd /var/www/project/PSDCSS
33 error Linux 4.4.0-31-generic
34 error argv "/usr/local/bin/node" "/usr/local/bin/npm" "install" "https://github.com/jaffarc/PSDCSS.git#terminal" "-g"
35 error node v4.4.4
36 error npm  v2.15.1
37 error code EISDIR
38 error errno -21
39 error syscall read
40 error eisdir EISDIR: illegal operation on a directory, read
40 error eisdir This is most likely not a problem with npm itself
40 error eisdir and is related to npm not being able to find a package.json in
40 error eisdir a package you are trying to install.
41 verbose exit [ -21, true ]
